<?xml version="1.0" encoding="UTF-8"?>
<!-- Generated by org.testng.reporters.JUnitReportReporter -->
<testsuite skipped="0" hostname="C02GC3QNML85" name="practise.AppiumFramework.ApiDemoTest" tests="2" failures="0" timestamp="2022-02-17T15:03:10 EET" time="58.249" errors="0">
  <testcase name="apiDemoTest" time="29.873" classname="practise.AppiumFramework.ApiDemoTest"/>
  <system-out/>
  <testcase name="apiDemoTest" time="28.376" classname="practise.AppiumFramework.ApiDemoTest"/>
  <system-out/>
</testsuite> <!-- practise.AppiumFramework.ApiDemoTest -->
