<?xml version="1.0" encoding="UTF-8"?>
<!-- Generated by org.testng.reporters.JUnitReportReporter -->
<testsuite skipped="0" hostname="C02GC3QNML85" name="practise.AppiumFramework.ApiDemoTest" tests="2" failures="0" timestamp="2022-02-18T11:38:49 EET" time="55.454" errors="0">
  <testcase name="apiDemoTest" time="27.192" classname="practise.AppiumFramework.ApiDemoTest"/>
  <system-out/>
  <testcase name="apiDemoTest" time="28.262" classname="practise.AppiumFramework.ApiDemoTest"/>
  <system-out/>
</testsuite> <!-- practise.AppiumFramework.ApiDemoTest -->
