<?xml version="1.0" encoding="UTF-8"?>
<!-- Generated by org.testng.reporters.JUnitReportReporter -->
<testsuite skipped="0" hostname="C02GC3QNML85" name="practise.AppiumFramework.Ecommerce_tc_4" tests="1" failures="0" timestamp="2022-02-18T11:38:49 EET" time="51.961" errors="0">
  <testcase name="totalValidation" time="51.961" classname="practise.AppiumFramework.Ecommerce_tc_4"/>
  <system-out/>
</testsuite> <!-- practise.AppiumFramework.Ecommerce_tc_4 -->
